2020-10-16 13:46:15,698 INFO [http-nio-8080-exec-6] w.c.LoginCommand [LoginCommand.java:91] Candidate entity.Candidate@332d4f99 logged as ADMIN
2020-10-16 13:55:57,240 INFO [http-nio-8080-exec-7] w.c.LoginCommand [LoginCommand.java:91] Candidate entity.Candidate@a9dcd7e logged as ADMIN
2020-10-16 13:56:33,771 INFO [http-nio-8080-exec-7] w.c.LoginCommand [LoginCommand.java:91] Candidate entity.Candidate@1ff06d54 logged as USER
2020-10-16 13:56:56,224 INFO [http-nio-8080-exec-3] w.c.LoginCommand [LoginCommand.java:91] Candidate entity.Candidate@2e63f61 logged as ADMIN
2020-10-16 14:02:07,640 INFO [http-nio-8080-exec-2] w.c.LoginCommand [LoginCommand.java:91] Candidate entity.Candidate@58ede73f logged as USER
2020-10-16 14:05:45,448 INFO [http-nio-8080-exec-3] w.c.LoginCommand [LoginCommand.java:91] Candidate entity.Candidate@76fbf93f logged as ADMIN
2020-10-16 14:09:20,381 INFO [http-nio-8080-exec-5] w.c.LoginCommand [LoginCommand.java:91] Candidate entity.Candidate@3939d3bf logged as ADMIN
2020-10-16 14:09:50,128 INFO [http-nio-8080-exec-3] w.c.LoginCommand [LoginCommand.java:91] Candidate entity.Candidate@11052a39 logged as ADMIN
2020-10-16 14:10:05,925 INFO [http-nio-8080-exec-10] w.c.LoginCommand [LoginCommand.java:91] Candidate entity.Candidate@5d7092c5 logged as USER
2020-10-16 14:10:19,267 INFO [http-nio-8080-exec-5] w.c.LoginCommand [LoginCommand.java:91] Candidate entity.Candidate@3e046f3f logged as ADMIN
2020-10-16 15:12:32,011 INFO [http-nio-8080-exec-6] w.c.LoginCommand [LoginCommand.java:91] Candidate entity.Candidate@68f3f2bb logged as ADMIN
2020-10-16 15:22:58,250 INFO [http-nio-8080-exec-8] w.c.LoginCommand [LoginCommand.java:91] Candidate entity.Candidate@60eeb8cf logged as ADMIN
2020-10-16 15:23:08,157 INFO [http-nio-8080-exec-1] w.c.LoginCommand [LoginCommand.java:91] Candidate entity.Candidate@214bb3f3 logged as ADMIN
2020-10-16 15:23:22,288 INFO [http-nio-8080-exec-7] w.c.LoginCommand [LoginCommand.java:91] Candidate entity.Candidate@1e83067f logged as USER
2020-10-16 15:23:39,300 INFO [http-nio-8080-exec-2] w.c.LoginCommand [LoginCommand.java:91] Candidate entity.Candidate@12c0f635 logged as ADMIN
2020-10-16 15:24:12,895 INFO [http-nio-8080-exec-3] w.c.LoginCommand [LoginCommand.java:91] Candidate entity.Candidate@1406c1b5 logged as ADMIN
2020-10-16 15:24:49,572 INFO [http-nio-8080-exec-2] w.c.LoginCommand [LoginCommand.java:91] Candidate entity.Candidate@73eb9f1a logged as USER
2020-10-16 15:25:22,475 INFO [http-nio-8080-exec-10] w.c.LoginCommand [LoginCommand.java:91] Candidate entity.Candidate@bb94620 logged as ADMIN
2020-10-16 15:25:49,929 INFO [http-nio-8080-exec-9] w.c.LoginCommand [LoginCommand.java:91] Candidate entity.Candidate@5cca850 logged as USER
2020-10-16 15:27:05,161 INFO [http-nio-8080-exec-3] w.c.LoginCommand [LoginCommand.java:91] Candidate entity.Candidate@3b9444f0 logged as ADMIN
2020-10-16 15:50:16,241 INFO [http-nio-8080-exec-7] w.c.LoginCommand [LoginCommand.java:91] Candidate entity.Candidate@7e833cd8 logged as USER
2020-10-16 16:03:16,370 INFO [http-nio-8080-exec-6] w.c.LoginCommand [LoginCommand.java:91] Candidate entity.Candidate@347e05ed logged as ADMIN
2020-10-16 16:47:55,720 INFO [http-nio-8080-exec-7] w.c.LoginCommand [LoginCommand.java:91] Candidate entity.Candidate@342f4a4d logged as USER
2020-10-16 16:51:42,559 INFO [http-nio-8080-exec-5] w.c.LoginCommand [LoginCommand.java:91] Candidate entity.Candidate@6a611bc7 logged as USER
2020-10-16 16:54:39,646 INFO [http-nio-8080-exec-3] w.c.LoginCommand [LoginCommand.java:91] Candidate entity.Candidate@9500c08 logged as USER
2020-10-16 16:55:16,469 INFO [http-nio-8080-exec-3] w.c.LoginCommand [LoginCommand.java:91] Candidate entity.Candidate@78f18795 logged as ADMIN
2020-10-16 16:57:31,294 INFO [http-nio-8080-exec-6] w.c.LoginCommand [LoginCommand.java:91] Candidate entity.Candidate@50ecf324 logged as ADMIN
2020-10-16 16:58:11,522 INFO [http-nio-8080-exec-7] w.c.LoginCommand [LoginCommand.java:91] Candidate entity.Candidate@2afd251f logged as USER
2020-10-16 16:58:27,950 INFO [http-nio-8080-exec-7] w.c.LoginCommand [LoginCommand.java:91] Candidate entity.Candidate@52d0fc42 logged as ADMIN
2020-10-16 17:15:36,189 INFO [http-nio-8080-exec-6] w.c.LoginCommand [LoginCommand.java:91] Candidate entity.Candidate@4ef485f7 logged as ADMIN
2020-10-16 17:18:08,484 INFO [http-nio-8080-exec-5] w.c.LoginCommand [LoginCommand.java:91] Candidate entity.Candidate@35b86b8e logged as ADMIN
2020-10-16 17:18:32,799 INFO [http-nio-8080-exec-1] w.c.LoginCommand [LoginCommand.java:91] Candidate entity.Candidate@4201ab7b logged as USER
2020-10-16 17:19:37,631 INFO [http-nio-8080-exec-9] w.c.LoginCommand [LoginCommand.java:91] Candidate entity.Candidate@7df4b23 logged as ADMIN
2020-10-16 17:22:44,246 INFO [http-nio-8080-exec-4] w.c.LoginCommand [LoginCommand.java:91] Candidate entity.Candidate@cc3b6e2 logged as ADMIN
2020-10-16 17:36:23,448 INFO [http-nio-8080-exec-2] w.c.LoginCommand [LoginCommand.java:91] Candidate entity.Candidate@34a2b036 logged as USER
2020-10-16 17:37:51,992 INFO [http-nio-8080-exec-8] w.c.LoginCommand [LoginCommand.java:91] Candidate entity.Candidate@5d0d58c logged as ADMIN
2020-10-16 17:38:21,942 INFO [http-nio-8080-exec-2] w.c.LoginCommand [LoginCommand.java:91] Candidate entity.Candidate@5c22fec4 logged as USER
2020-10-16 17:38:40,638 INFO [http-nio-8080-exec-8] w.c.LoginCommand [LoginCommand.java:91] Candidate entity.Candidate@1fa50234 logged as ADMIN
2020-10-16 17:39:29,558 INFO [http-nio-8080-exec-6] w.c.LoginCommand [LoginCommand.java:91] Candidate entity.Candidate@495cb109 logged as USER
2020-10-16 17:44:09,269 INFO [http-nio-8080-exec-10] w.c.LoginCommand [LoginCommand.java:91] Candidate entity.Candidate@7850184f logged as USER
2020-10-16 17:50:31,877 INFO [http-nio-8080-exec-8] w.c.LoginCommand [LoginCommand.java:91] Candidate entity.Candidate@86001de logged as ADMIN
2020-10-16 17:56:21,366 INFO [http-nio-8080-exec-5] w.c.LoginCommand [LoginCommand.java:91] Candidate entity.Candidate@58c30b36 logged as ADMIN
2020-10-16 17:58:08,542 INFO [http-nio-8080-exec-6] w.c.LoginCommand [LoginCommand.java:91] Candidate entity.Candidate@57967b77 logged as ADMIN
2020-10-16 18:03:57,316 INFO [http-nio-8080-exec-7] w.c.LoginCommand [LoginCommand.java:91] Candidate entity.Candidate@60603016 logged as ADMIN
2020-10-16 18:10:00,051 INFO [http-nio-8080-exec-5] w.c.LoginCommand [LoginCommand.java:91] Candidate entity.Candidate@3579c357 logged as ADMIN
2020-10-16 18:16:36,555 INFO [http-nio-8080-exec-6] w.c.LoginCommand [LoginCommand.java:91] Candidate entity.Candidate@68d689ca logged as USER
2020-10-16 18:20:20,634 INFO [http-nio-8080-exec-3] w.c.LoginCommand [LoginCommand.java:91] Candidate entity.Candidate@33d18237 logged as ADMIN
2020-10-16 18:53:29,102 INFO [http-nio-8080-exec-5] w.c.LoginCommand [LoginCommand.java:91] Candidate entity.Candidate@7eee6668 logged as ADMIN
2020-10-16 19:04:36,581 INFO [http-nio-8080-exec-6] w.c.LoginCommand [LoginCommand.java:91] Candidate entity.Candidate@50ecf324 logged as USER
2020-10-16 19:05:00,121 INFO [http-nio-8080-exec-7] w.c.LoginCommand [LoginCommand.java:91] Candidate entity.Candidate@2afd251f logged as ADMIN
2020-10-16 19:21:47,342 INFO [http-nio-8080-exec-9] w.c.LoginCommand [LoginCommand.java:91] Candidate entity.Candidate@5c20c7e6 logged as USER
2020-10-16 19:22:05,648 INFO [http-nio-8080-exec-7] w.c.LoginCommand [LoginCommand.java:91] Candidate entity.Candidate@36e936b1 logged as ADMIN
2020-10-16 19:35:11,671 INFO [http-nio-8080-exec-7] w.c.LoginCommand [LoginCommand.java:91] Candidate entity.Candidate@5549101a logged as USER
2020-10-18 17:16:25,714 INFO [http-nio-8080-exec-8] w.c.LoginCommand [LoginCommand.java:91] Candidate entity.Candidate@6af005ec logged as ADMIN
2020-10-18 17:17:26,062 INFO [http-nio-8080-exec-8] w.c.LoginCommand [LoginCommand.java:91] Candidate entity.Candidate@42e304ac logged as USER
2020-10-18 17:18:09,425 INFO [http-nio-8080-exec-8] w.c.LoginCommand [LoginCommand.java:91] Candidate entity.Candidate@56f4d1a1 logged as ADMIN
2020-10-20 20:21:04,148 INFO [http-nio-8080-exec-7] w.c.LoginCommand [LoginCommand.java:91] Candidate entity.Candidate@41f4cfea logged as ADMIN
2020-10-20 20:53:19,050 INFO [http-nio-8080-exec-5] w.c.LoginCommand [LoginCommand.java:91] Candidate entity.Candidate@3a3bb670 logged as ADMIN
2020-10-20 20:53:19,057 INFO [http-nio-8080-exec-6] w.c.LoginCommand [LoginCommand.java:91] Candidate entity.Candidate@14ef3c5f logged as ADMIN
2020-10-20 20:53:19,066 INFO [http-nio-8080-exec-8] w.c.LoginCommand [LoginCommand.java:91] Candidate entity.Candidate@3be33720 logged as ADMIN
2020-10-20 21:02:09,987 INFO [http-nio-8080-exec-5] w.c.LoginCommand [LoginCommand.java:98] Candidate entity.Candidate@5c54b0b1 logged as ADMIN
2020-10-20 21:54:57,759 INFO [http-nio-8080-exec-6] w.c.LoginCommand [LoginCommand.java:98] Candidate entity.Candidate@5fd91779 logged as ADMIN
2020-10-20 21:55:28,374 INFO [http-nio-8080-exec-6] w.c.LoginCommand [LoginCommand.java:105] Candidate entity.Candidate@41839f36 logged as ADMIN
2020-10-20 21:56:35,210 INFO [http-nio-8080-exec-9] w.c.LoginCommand [LoginCommand.java:105] Candidate entity.Candidate@5f53afc4 logged as ADMIN
2020-10-20 21:57:01,211 INFO [http-nio-8080-exec-4] w.c.LoginCommand [LoginCommand.java:105] Candidate entity.Candidate@304e1f9f logged as ADMIN
2020-10-20 21:57:21,764 INFO [http-nio-8080-exec-10] w.c.LoginCommand [LoginCommand.java:105] Candidate entity.Candidate@30efffc4 logged as ADMIN
2020-10-20 21:58:44,140 INFO [http-nio-8080-exec-9] w.c.LoginCommand [LoginCommand.java:105] Candidate entity.Candidate@2dfe52ce logged as USER
2020-10-20 21:59:09,893 INFO [http-nio-8080-exec-4] w.c.LoginCommand [LoginCommand.java:105] Candidate entity.Candidate@31b3ed19 logged as USER
2020-10-20 22:00:31,810 INFO [http-nio-8080-exec-6] w.c.LoginCommand [LoginCommand.java:106] Candidate entity.Candidate@216711f2 logged as USER
2020-10-20 22:03:38,258 INFO [http-nio-8080-exec-4] w.c.LoginCommand [LoginCommand.java:106] Candidate entity.Candidate@4f78bcd8 logged as USER
2020-10-20 22:03:47,126 INFO [http-nio-8080-exec-6] w.c.LoginCommand [LoginCommand.java:106] Candidate entity.Candidate@4444568c logged as USER
2020-10-20 22:04:11,946 INFO [http-nio-8080-exec-10] w.c.LoginCommand [LoginCommand.java:106] Candidate entity.Candidate@3ab669e2 logged as USER
2020-10-20 22:04:47,700 INFO [http-nio-8080-exec-2] w.c.LoginCommand [LoginCommand.java:106] Candidate entity.Candidate@546c2bcf logged as USER
2020-10-20 22:06:12,827 INFO [http-nio-8080-exec-7] w.c.LoginCommand [LoginCommand.java:106] Candidate entity.Candidate@7ef4b32a logged as USER
2020-10-20 22:07:01,221 INFO [http-nio-8080-exec-7] w.c.LoginCommand [LoginCommand.java:106] Candidate entity.Candidate@4678587f logged as USER
2020-10-20 22:12:49,771 INFO [http-nio-8080-exec-7] w.c.LoginCommand [LoginCommand.java:106] Candidate entity.Candidate@400aaf26 logged as ADMIN
2020-10-20 22:48:40,156 INFO [http-nio-8080-exec-1] w.c.LoginCommand [LoginCommand.java:109] Candidate entity.Candidate@43980032 logged as ADMIN
2020-10-20 22:53:34,988 INFO [http-nio-8080-exec-6] w.c.LoginCommand [LoginCommand.java:109] Candidate entity.Candidate@57341695 logged as ADMIN
2020-10-20 23:48:19,263 INFO [http-nio-8080-exec-7] c.c.LoginCommand [LoginCommand.java:107] Candidate model.entity.Candidate@c0229b1 logged as ADMIN
2020-10-21 00:08:37,487 INFO [http-nio-8080-exec-6] c.c.LoginCommand [LoginCommand.java:107] Candidate model.entity.Candidate@48096d33 logged as USER
2020-10-21 00:09:14,108 INFO [http-nio-8080-exec-9] c.c.LoginCommand [LoginCommand.java:107] Candidate model.entity.Candidate@2d33a1c5 logged as ADMIN
2020-10-21 00:23:48,493 INFO [http-nio-8080-exec-6] c.c.LoginCommand [LoginCommand.java:107] Candidate model.entity.Candidate@7d554a5 logged as ADMIN
2020-10-21 00:27:17,385 INFO [http-nio-8080-exec-9] c.c.a.DeleteCandidateCommand [DeleteCandidateCommand.java:19] candidate with id: 191 deleted
2020-10-21 00:28:26,981 INFO [http-nio-8080-exec-6] c.c.LoginCommand [LoginCommand.java:107] Candidate model.entity.Candidate@3d609626 logged as ADMIN
2020-10-21 00:28:31,902 INFO [http-nio-8080-exec-9] c.c.a.DeleteCandidateCommand [DeleteCandidateCommand.java:19] candidate with id: 191 deleted
2020-10-21 00:29:55,714 INFO [http-nio-8080-exec-6] c.c.LoginCommand [LoginCommand.java:107] Candidate model.entity.Candidate@2466722f logged as ADMIN
2020-10-21 00:33:02,208 INFO [http-nio-8080-exec-10] c.c.a.DeleteCandidateCommand [DeleteCandidateCommand.java:19] candidate with id: 191 deleted
2020-10-21 00:33:14,881 INFO [http-nio-8080-exec-4] c.c.a.DeleteCandidateCommand [DeleteCandidateCommand.java:19] candidate with id: 191 deleted
2020-10-21 00:47:51,582 INFO [http-nio-8080-exec-2] c.c.LoginCommand [LoginCommand.java:107] Candidate model.entity.Candidate@706938b4 logged as USER
2020-10-21 10:24:09,416 INFO [http-nio-8080-exec-7] c.c.LoginCommand [LoginCommand.java:113] Candidate model.entity.Candidate@2aa38774 logged as ADMIN
2020-10-21 10:24:28,283 INFO [http-nio-8080-exec-1] c.c.a.CreateNewFacultyCommand [CreateNewFacultyCommand.java:191] Faculty created
2020-10-21 10:29:25,617 INFO [http-nio-8080-exec-9] c.c.LoginCommand [LoginCommand.java:113] Candidate model.entity.Candidate@876c079 logged as ADMIN
2020-10-21 10:29:44,714 INFO [http-nio-8080-exec-2] c.c.a.CreateNewFacultyCommand [CreateNewFacultyCommand.java:191] Faculty created
2020-10-21 10:29:56,169 INFO [http-nio-8080-exec-7] c.c.a.DeleteFacultyCommand [DeleteFacultyCommand.java:21] Faculty with id 184 deleted
2020-10-21 10:30:06,162 INFO [http-nio-8080-exec-9] c.c.a.DeleteFacultyCommand [DeleteFacultyCommand.java:21] Faculty with id 183 deleted
2020-10-22 17:05:49,509 INFO [http-nio-8080-exec-6] c.c.LoginCommand [LoginCommand.java:113] Candidate model.entity.Candidate@27f7544b logged as ADMIN
2020-10-22 17:08:23,026 INFO [http-nio-8080-exec-2] c.c.LoginCommand [LoginCommand.java:113] Candidate model.entity.Candidate@1c7236d4 logged as ADMIN
2020-10-22 17:11:15,941 INFO [http-nio-8080-exec-6] c.c.LoginCommand [LoginCommand.java:113] Candidate model.entity.Candidate@5510db37 logged as ADMIN
2020-10-22 17:17:10,114 INFO [http-nio-8080-exec-9] c.c.LoginCommand [LoginCommand.java:113] Candidate model.entity.Candidate@6095e620 logged as USER
2020-10-22 17:17:58,257 INFO [http-nio-8080-exec-6] c.c.LoginCommand [LoginCommand.java:113] Candidate model.entity.Candidate@70f6f9af logged as USER
2020-10-22 17:53:58,202 INFO [http-nio-8080-exec-7] c.c.LoginCommand [LoginCommand.java:113] Candidate model.entity.Candidate@7c4036a7 logged as ADMIN
2020-10-22 18:14:47,041 INFO [http-nio-8080-exec-7] c.c.LoginCommand [LoginCommand.java:113] Candidate model.entity.Candidate@65810d35 logged as USER
2020-10-22 18:16:35,605 INFO [http-nio-8080-exec-7] c.c.LoginCommand [LoginCommand.java:126] Candidate model.entity.Candidate@6dc43861 logged as ADMIN
2020-10-22 18:18:12,027 INFO [http-nio-8080-exec-5] c.c.LoginCommand [LoginCommand.java:126] Candidate model.entity.Candidate@5f549148 logged as USER
2020-10-22 18:25:31,781 INFO [http-nio-8080-exec-7] c.c.LoginCommand [LoginCommand.java:126] Candidate model.entity.Candidate@377283d logged as ADMIN
2020-10-22 18:35:31,751 INFO [http-nio-8080-exec-6] c.c.LoginCommand [LoginCommand.java:131] Candidate model.entity.Candidate@5ff5d16 logged as USER
2020-10-22 18:42:17,532 INFO [http-nio-8080-exec-5] c.c.LoginCommand [LoginCommand.java:131] Candidate model.entity.Candidate@16124ca8 logged as USER
2020-10-22 18:42:54,634 INFO [http-nio-8080-exec-2] c.c.LoginCommand [LoginCommand.java:131] Candidate model.entity.Candidate@2799ce00 logged as ADMIN
2020-10-22 18:44:02,412 INFO [http-nio-8080-exec-7] c.c.LoginCommand [LoginCommand.java:131] Candidate model.entity.Candidate@52d502e0 logged as USER
2020-10-22 19:12:40,011 INFO [http-nio-8080-exec-8] c.c.LoginCommand [LoginCommand.java:131] Candidate model.entity.Candidate@5d24498f logged as USER
2020-10-22 19:15:22,211 INFO [http-nio-8080-exec-1] c.c.LoginCommand [LoginCommand.java:131] Candidate model.entity.Candidate@5efdbf62 logged as USER
2020-10-22 19:20:23,979 INFO [http-nio-8080-exec-7] c.c.LoginCommand [LoginCommand.java:131] Candidate model.entity.Candidate@7335825f logged as USER
2020-10-22 19:25:48,950 INFO [http-nio-8080-exec-1] c.c.LoginCommand [LoginCommand.java:131] Candidate model.entity.Candidate@2ce8f7f6 logged as USER
2020-10-22 19:29:29,623 INFO [http-nio-8080-exec-2] c.c.LoginCommand [LoginCommand.java:131] Candidate model.entity.Candidate@7c81f5ea logged as USER
2020-10-22 20:56:12,873 INFO [http-nio-8080-exec-7] c.c.LoginCommand [LoginCommand.java:136] Candidate admin logged as ADMIN
2020-10-22 21:11:58,790 INFO [Catalina-utility-1] l.SessionListener [SessionListener.java:33] User admin logout. Session destroyed
2020-10-22 22:43:48,807 INFO [http-nio-8080-exec-6] c.c.LoginCommand [LoginCommand.java:136] Candidate admin logged as ADMIN
2020-10-22 23:13:12,310 INFO [http-nio-8080-exec-5] c.c.LoginCommand [LoginCommand.java:136] Candidate admin logged as ADMIN
2020-10-22 23:15:32,574 INFO [http-nio-8080-exec-7] c.c.LoginCommand [LoginCommand.java:136] Candidate admin logged as ADMIN
2020-10-22 23:21:22,916 INFO [http-nio-8080-exec-6] c.c.LoginCommand [LoginCommand.java:136] Candidate admin logged as ADMIN
2020-10-22 23:26:27,794 INFO [http-nio-8080-exec-5] c.c.LoginCommand [LoginCommand.java:136] Candidate admin logged as ADMIN
2020-10-22 23:30:42,435 INFO [http-nio-8080-exec-5] c.c.LoginCommand [LoginCommand.java:136] Candidate admin logged as ADMIN
2020-10-22 23:51:34,206 INFO [http-nio-8080-exec-5] c.c.LoginCommand [LoginCommand.java:136] Candidate admin logged as ADMIN
2020-10-23 00:07:21,602 INFO [Catalina-utility-1] l.SessionListener [SessionListener.java:33] User admin logout. Session destroyed
2020-10-23 00:10:27,231 INFO [http-nio-8080-exec-6] c.c.LoginCommand [LoginCommand.java:136] Candidate admin logged as ADMIN
2020-10-23 00:15:22,954 INFO [http-nio-8080-exec-6] c.c.LoginCommand [LoginCommand.java:136] Candidate admin logged as ADMIN
2020-10-23 00:21:47,379 INFO [http-nio-8080-exec-5] c.c.LoginCommand [LoginCommand.java:136] Candidate admin logged as ADMIN
2020-10-23 00:24:55,388 INFO [http-nio-8080-exec-6] c.c.LoginCommand [LoginCommand.java:136] Candidate admin logged as ADMIN
2020-10-23 00:30:58,151 INFO [http-nio-8080-exec-6] c.c.LoginCommand [LoginCommand.java:136] Candidate admin logged as ADMIN
2020-10-23 00:37:27,120 INFO [http-nio-8080-exec-5] c.c.LoginCommand [LoginCommand.java:136] Candidate admin logged as ADMIN
2020-10-23 00:44:59,029 INFO [http-nio-8080-exec-3] c.c.LoginCommand [LoginCommand.java:136] Candidate admin logged as ADMIN
2020-10-23 00:46:36,922 INFO [http-nio-8080-exec-7] c.c.LoginCommand [LoginCommand.java:136] Candidate admin logged as ADMIN
2020-10-23 01:06:25,851 INFO [http-nio-8080-exec-6] c.c.LoginCommand [LoginCommand.java:136] Candidate admin logged as ADMIN
2020-10-23 01:08:57,221 INFO [http-nio-8080-exec-9] c.c.a.CreateNewFacultyCommand [CreateNewFacultyCommand.java:70] Faculty created
2020-10-23 01:09:32,579 INFO [http-nio-8080-exec-6] c.c.a.CreateNewFacultyCommand [CreateNewFacultyCommand.java:70] Faculty created
2020-10-23 01:10:33,496 INFO [http-nio-8080-exec-4] c.c.LoginCommand [LoginCommand.java:136] Candidate admin logged as ADMIN
2020-10-23 01:13:38,152 INFO [http-nio-8080-exec-5] c.c.LoginCommand [LoginCommand.java:136] Candidate admin logged as ADMIN
2020-10-23 01:14:09,436 INFO [http-nio-8080-exec-9] c.c.a.CreateNewFacultyCommand [CreateNewFacultyCommand.java:75] Faculty created
2020-10-23 01:15:16,248 INFO [http-nio-8080-exec-4] c.c.a.CreateNewFacultyCommand [CreateNewFacultyCommand.java:75] Faculty created
2020-10-23 01:18:05,543 INFO [http-nio-8080-exec-10] c.c.a.CreateNewFacultyCommand [CreateNewFacultyCommand.java:75] Faculty created
2020-10-23 01:20:27,805 INFO [http-nio-8080-exec-7] c.c.LoginCommand [LoginCommand.java:136] Candidate admin logged as ADMIN
2020-10-23 01:20:49,965 INFO [http-nio-8080-exec-2] c.c.a.CreateNewFacultyCommand [CreateNewFacultyCommand.java:75] Faculty created
2020-10-23 10:49:11,688 INFO [http-nio-8080-exec-7] c.c.LoginCommand [LoginCommand.java:136] Candidate admin logged as ADMIN
2020-10-23 11:05:01,391 INFO [Catalina-utility-1] l.SessionListener [SessionListener.java:33] User admin logout. Session destroyed
2020-10-23 12:45:52,541 INFO [http-nio-8080-exec-6] c.c.LoginCommand [LoginCommand.java:136] Candidate admin logged as ADMIN
2020-10-23 13:13:40,822 INFO [Catalina-utility-2] l.SessionListener [SessionListener.java:33] User admin logout. Session destroyed
2020-10-23 13:48:24,709 INFO [http-nio-8080-exec-6] c.c.LoginCommand [LoginCommand.java:136] Candidate admin logged as ADMIN
2020-10-23 13:50:49,485 INFO [http-nio-8080-exec-6] c.c.LoginCommand [LoginCommand.java:136] Candidate admin logged as ADMIN
2020-10-23 13:52:44,964 INFO [http-nio-8080-exec-5] c.c.LoginCommand [LoginCommand.java:136] Candidate admin logged as ADMIN
2020-10-23 13:59:43,247 INFO [http-nio-8080-exec-6] c.c.LoginCommand [LoginCommand.java:136] Candidate admin logged as ADMIN
2020-10-23 14:01:48,626 INFO [http-nio-8080-exec-6] c.c.LoginCommand [LoginCommand.java:136] Candidate admin logged as ADMIN
2020-10-23 14:03:41,644 INFO [http-nio-8080-exec-6] c.c.LoginCommand [LoginCommand.java:136] Candidate admin logged as ADMIN
2020-10-23 14:06:57,412 INFO [http-nio-8080-exec-6] c.c.LoginCommand [LoginCommand.java:136] Candidate admin logged as ADMIN
2020-10-23 14:18:11,495 INFO [http-nio-8080-exec-9] c.c.a.CreateNewFacultyCommand [CreateNewFacultyCommand.java:49] Faculty created
2020-10-23 14:29:26,806 INFO [http-nio-8080-exec-6] c.c.LoginCommand [LoginCommand.java:136] Candidate admin logged as ADMIN
2020-10-23 14:37:52,680 INFO [http-nio-8080-exec-1] c.c.a.BlockUnblockFacultyRegistrationCommand [BlockUnblockFacultyRegistrationCommand.java:32] Admission unblock for faculty with id: 16
2020-10-23 14:52:42,419 INFO [http-nio-8080-exec-8] c.c.LoginCommand [LoginCommand.java:136] Candidate admin logged as ADMIN
2020-10-23 15:00:30,171 INFO [http-nio-8080-exec-6] c.c.LoginCommand [LoginCommand.java:136] Candidate admin logged as ADMIN
2020-10-23 15:05:03,338 INFO [http-nio-8080-exec-8] c.c.LoginCommand [LoginCommand.java:136] Candidate admin logged as ADMIN
2020-10-23 15:07:54,686 INFO [http-nio-8080-exec-5] c.c.LoginCommand [LoginCommand.java:136] Candidate admin logged as ADMIN
2020-10-23 15:23:45,826 INFO [Catalina-utility-1] l.SessionListener [SessionListener.java:33] User admin logout. Session destroyed
2020-10-23 15:57:06,979 INFO [http-nio-8080-exec-7] c.c.LoginCommand [LoginCommand.java:136] Candidate q logged as USER
2020-10-23 15:58:34,361 INFO [http-nio-8080-exec-6] c.c.LoginCommand [LoginCommand.java:136] Candidate q logged as USER
2020-10-23 16:14:23,928 INFO [Catalina-utility-2] l.SessionListener [SessionListener.java:33] User q logout. Session destroyed
2020-10-23 16:55:39,946 INFO [http-nio-8080-exec-6] c.c.LoginCommand [LoginCommand.java:136] Candidate q logged as USER
2020-10-23 16:56:36,024 INFO [http-nio-8080-exec-5] c.c.LoginCommand [LoginCommand.java:136] Candidate q logged as USER
2020-10-23 17:05:57,261 INFO [http-nio-8080-exec-6] c.c.LoginCommand [LoginCommand.java:136] Candidate q logged as USER
2020-10-23 17:19:23,804 INFO [http-nio-8080-exec-8] c.c.LoginCommand [LoginCommand.java:136] Candidate q logged as USER
2020-10-23 17:37:02,677 INFO [http-nio-8080-exec-5] c.c.LoginCommand [LoginCommand.java:136] Candidate q logged as USER
2020-10-23 18:05:11,545 INFO [Catalina-utility-1] l.SessionListener [SessionListener.java:33] User q logout. Session destroyed
2020-10-24 11:42:59,597 INFO [http-nio-8080-exec-8] c.c.LoginCommand [LoginCommand.java:144] Candidate admin logged as ADMIN
2020-10-24 12:18:24,812 INFO [http-nio-8080-exec-6] c.c.LoginCommand [LoginCommand.java:144] Candidate admin logged as ADMIN
2020-10-24 12:27:33,939 INFO [http-nio-8080-exec-8] c.c.LoginCommand [LoginCommand.java:144] Candidate admin logged as ADMIN
2020-10-24 12:35:00,380 INFO [http-nio-8080-exec-6] c.c.LoginCommand [LoginCommand.java:144] Candidate admin logged as ADMIN
2020-10-24 12:41:57,118 INFO [http-nio-8080-exec-7] c.c.LoginCommand [LoginCommand.java:144] Candidate admin logged as ADMIN
2020-10-24 15:16:02,386 INFO [http-nio-8080-exec-6] c.c.LoginCommand [LoginCommand.java:144] Candidate admin logged as ADMIN
2020-10-24 15:16:16,246 ERROR [http-nio-8080-exec-7] c.c.a.AdminWorkspaceCommand [AdminWorkspaceCommand.java:30] Error occurred while getting all faculties list: null
2020-10-24 15:17:06,253 ERROR [http-nio-8080-exec-4] c.c.a.AdminWorkspaceCommand [AdminWorkspaceCommand.java:30] Error occurred while getting all faculties list: null
2020-10-24 15:17:15,516 ERROR [http-nio-8080-exec-5] c.c.a.AdminWorkspaceCommand [AdminWorkspaceCommand.java:30] Error occurred while getting all faculties list: null
2020-10-24 15:19:01,389 ERROR [http-nio-8080-exec-8] c.c.a.AdminWorkspaceCommand [AdminWorkspaceCommand.java:30] Error occurred while getting all faculties list: null
2020-10-24 15:19:22,950 INFO [http-nio-8080-exec-6] c.c.LoginCommand [LoginCommand.java:144] Candidate admin logged as ADMIN
2020-10-24 15:19:22,962 ERROR [http-nio-8080-exec-9] c.c.a.AdminWorkspaceCommand [AdminWorkspaceCommand.java:30] Error occurred while getting all faculties list: xxx
2020-10-24 15:35:11,484 INFO [Catalina-utility-2] l.SessionListener [SessionListener.java:34] User admin logout. Session destroyed
2020-10-26 21:48:31,466 INFO [http-nio-8080-exec-4] c.c.LoginCommand [LoginCommand.java:144] Candidate admin logged as ADMIN
2020-10-26 22:04:17,836 INFO [Catalina-utility-1] l.SessionListener [SessionListener.java:34] User admin logout. Session destroyed
2020-10-26 23:01:41,788 INFO [http-nio-8080-exec-10] c.c.LoginCommand [LoginCommand.java:144] Candidate x logged as USER
2020-10-26 23:01:47,252 INFO [http-nio-8080-exec-3] l.SessionListener [SessionListener.java:34] User x logout. Session destroyed
2020-10-26 23:18:27,070 INFO [http-nio-8080-exec-8] c.c.LoginCommand [LoginCommand.java:144] Candidate dwwa logged as USER
2020-10-26 23:19:28,820 INFO [http-nio-8080-exec-9] l.SessionListener [SessionListener.java:34] User dwwa logout. Session destroyed
2020-10-27 12:50:04,455 ERROR [http-nio-8080-exec-3] m.D.m.MySqlCandidateDAO [MySqlCandidateDAO.java:69] Can not make  transaction
java.sql.SQLException: Can not return generated keys!
	at model.DAO.mysql.MySqlCandidateDAO.getGeneratedKey(MySqlCandidateDAO.java:95)
	at model.DAO.mysql.MySqlCandidateDAO.insertCandidate(MySqlCandidateDAO.java:47)
	at Service.CandidateService.create(CandidateService.java:78)
	at controller.command.RegistrationCommand.execute(RegistrationCommand.java:76)
	at controller.ControllerServlet.process(ControllerServlet.java:38)
	at controller.ControllerServlet.doPost(ControllerServlet.java:31)
	at javax.servlet.http.HttpServlet.service(HttpServlet.java:652)
	at javax.servlet.http.HttpServlet.service(HttpServlet.java:733)
	at org.apache.catalina.core.ApplicationFilterChain.internalDoFilter(ApplicationFilterChain.java:231)
	at org.apache.catalina.core.ApplicationFilterChain.doFilter(ApplicationFilterChain.java:166)
	at filter.CommandAccessFilter.doFilter(CommandAccessFilter.java:29)
	at org.apache.catalina.core.ApplicationFilterChain.internalDoFilter(ApplicationFilterChain.java:193)
	at org.apache.catalina.core.ApplicationFilterChain.doFilter(ApplicationFilterChain.java:166)
	at org.apache.tomcat.websocket.server.WsFilter.doFilter(WsFilter.java:53)
	at org.apache.catalina.core.ApplicationFilterChain.internalDoFilter(ApplicationFilterChain.java:193)
	at org.apache.catalina.core.ApplicationFilterChain.doFilter(ApplicationFilterChain.java:166)
	at filter.SessionLocaleFilter.doFilter(SessionLocaleFilter.java:16)
	at org.apache.catalina.core.ApplicationFilterChain.internalDoFilter(ApplicationFilterChain.java:193)
	at org.apache.catalina.core.ApplicationFilterChain.doFilter(ApplicationFilterChain.java:166)
	at filter.EncodingFilter.doFilter(EncodingFilter.java:15)
	at org.apache.catalina.core.ApplicationFilterChain.internalDoFilter(ApplicationFilterChain.java:193)
	at org.apache.catalina.core.ApplicationFilterChain.doFilter(ApplicationFilterChain.java:166)
	at org.apache.catalina.core.StandardWrapperValve.invoke(StandardWrapperValve.java:202)
	at org.apache.catalina.core.StandardContextValve.invoke(StandardContextValve.java:97)
	at org.apache.catalina.authenticator.AuthenticatorBase.invoke(AuthenticatorBase.java:541)
	at org.apache.catalina.core.StandardHostValve.invoke(StandardHostValve.java:143)
	at org.apache.catalina.valves.ErrorReportValve.invoke(ErrorReportValve.java:92)
	at org.apache.catalina.valves.AbstractAccessLogValve.invoke(AbstractAccessLogValve.java:690)
	at org.apache.catalina.core.StandardEngineValve.invoke(StandardEngineValve.java:78)
	at org.apache.catalina.connector.CoyoteAdapter.service(CoyoteAdapter.java:343)
	at org.apache.coyote.http11.Http11Processor.service(Http11Processor.java:374)
	at org.apache.coyote.AbstractProcessorLight.process(AbstractProcessorLight.java:65)
	at org.apache.coyote.AbstractProtocol$ConnectionHandler.process(AbstractProtocol.java:868)
	at org.apache.tomcat.util.net.NioEndpoint$SocketProcessor.doRun(NioEndpoint.java:1590)
	at org.apache.tomcat.util.net.SocketProcessorBase.run(SocketProcessorBase.java:49)
	at java.util.concurrent.ThreadPoolExecutor.runWorker(ThreadPoolExecutor.java:1149)
	at java.util.concurrent.ThreadPoolExecutor$Worker.run(ThreadPoolExecutor.java:624)
	at org.apache.tomcat.util.threads.TaskThread$WrappingRunnable.run(TaskThread.java:61)
	at java.lang.Thread.run(Thread.java:748)
Caused by: java.sql.SQLIntegrityConstraintViolationException: Duplicate entry 'q' for key 'candidate.candidate_username_uindex'
	at com.mysql.cj.jdbc.exceptions.SQLError.createSQLException(SQLError.java:117)
	at com.mysql.cj.jdbc.exceptions.SQLError.createSQLException(SQLError.java:97)
	at com.mysql.cj.jdbc.exceptions.SQLExceptionsMapping.translateException(SQLExceptionsMapping.java:122)
	at com.mysql.cj.jdbc.ClientPreparedStatement.executeInternal(ClientPreparedStatement.java:953)
	at com.mysql.cj.jdbc.ClientPreparedStatement.executeUpdateInternal(ClientPreparedStatement.java:1092)
	at com.mysql.cj.jdbc.ClientPreparedStatement.executeUpdateInternal(ClientPreparedStatement.java:1040)
	at com.mysql.cj.jdbc.ClientPreparedStatement.executeLargeUpdate(ClientPreparedStatement.java:1347)
	at com.mysql.cj.jdbc.ClientPreparedStatement.executeUpdate(ClientPreparedStatement.java:1025)
	at org.apache.commons.dbcp.DelegatingPreparedStatement.executeUpdate(DelegatingPreparedStatement.java:105)
	at org.apache.commons.dbcp.DelegatingPreparedStatement.executeUpdate(DelegatingPreparedStatement.java:105)
	at model.DAO.mysql.MySqlCandidateDAO.getGeneratedKey(MySqlCandidateDAO.java:88)
	... 38 common frames omitted
2020-10-27 12:51:56,222 ERROR [http-nio-8080-exec-6] m.D.m.MySqlCandidateDAO [MySqlCandidateDAO.java:69] Can not make  transaction
java.sql.SQLException: Can not return generated keys!
	at model.DAO.mysql.MySqlCandidateDAO.getGeneratedKey(MySqlCandidateDAO.java:95)
	at model.DAO.mysql.MySqlCandidateDAO.insertCandidate(MySqlCandidateDAO.java:47)
	at Service.CandidateService.create(CandidateService.java:78)
	at controller.command.RegistrationCommand.execute(RegistrationCommand.java:76)
	at controller.ControllerServlet.process(ControllerServlet.java:38)
	at controller.ControllerServlet.doPost(ControllerServlet.java:31)
	at javax.servlet.http.HttpServlet.service(HttpServlet.java:652)
	at javax.servlet.http.HttpServlet.service(HttpServlet.java:733)
	at org.apache.catalina.core.ApplicationFilterChain.internalDoFilter(ApplicationFilterChain.java:231)
	at org.apache.catalina.core.ApplicationFilterChain.doFilter(ApplicationFilterChain.java:166)
	at filter.CommandAccessFilter.doFilter(CommandAccessFilter.java:29)
	at org.apache.catalina.core.ApplicationFilterChain.internalDoFilter(ApplicationFilterChain.java:193)
	at org.apache.catalina.core.ApplicationFilterChain.doFilter(ApplicationFilterChain.java:166)
	at org.apache.tomcat.websocket.server.WsFilter.doFilter(WsFilter.java:53)
	at org.apache.catalina.core.ApplicationFilterChain.internalDoFilter(ApplicationFilterChain.java:193)
	at org.apache.catalina.core.ApplicationFilterChain.doFilter(ApplicationFilterChain.java:166)
	at filter.SessionLocaleFilter.doFilter(SessionLocaleFilter.java:16)
	at org.apache.catalina.core.ApplicationFilterChain.internalDoFilter(ApplicationFilterChain.java:193)
	at org.apache.catalina.core.ApplicationFilterChain.doFilter(ApplicationFilterChain.java:166)
	at filter.EncodingFilter.doFilter(EncodingFilter.java:15)
	at org.apache.catalina.core.ApplicationFilterChain.internalDoFilter(ApplicationFilterChain.java:193)
	at org.apache.catalina.core.ApplicationFilterChain.doFilter(ApplicationFilterChain.java:166)
	at org.apache.catalina.core.StandardWrapperValve.invoke(StandardWrapperValve.java:202)
	at org.apache.catalina.core.StandardContextValve.invoke(StandardContextValve.java:97)
	at org.apache.catalina.authenticator.AuthenticatorBase.invoke(AuthenticatorBase.java:541)
	at org.apache.catalina.core.StandardHostValve.invoke(StandardHostValve.java:143)
	at org.apache.catalina.valves.ErrorReportValve.invoke(ErrorReportValve.java:92)
	at org.apache.catalina.valves.AbstractAccessLogValve.invoke(AbstractAccessLogValve.java:690)
	at org.apache.catalina.core.StandardEngineValve.invoke(StandardEngineValve.java:78)
	at org.apache.catalina.connector.CoyoteAdapter.service(CoyoteAdapter.java:343)
	at org.apache.coyote.http11.Http11Processor.service(Http11Processor.java:374)
	at org.apache.coyote.AbstractProcessorLight.process(AbstractProcessorLight.java:65)
	at org.apache.coyote.AbstractProtocol$ConnectionHandler.process(AbstractProtocol.java:868)
	at org.apache.tomcat.util.net.NioEndpoint$SocketProcessor.doRun(NioEndpoint.java:1590)
	at org.apache.tomcat.util.net.SocketProcessorBase.run(SocketProcessorBase.java:49)
	at java.util.concurrent.ThreadPoolExecutor.runWorker(ThreadPoolExecutor.java:1149)
	at java.util.concurrent.ThreadPoolExecutor$Worker.run(ThreadPoolExecutor.java:624)
	at org.apache.tomcat.util.threads.TaskThread$WrappingRunnable.run(TaskThread.java:61)
	at java.lang.Thread.run(Thread.java:748)
Caused by: java.sql.SQLIntegrityConstraintViolationException: Duplicate entry 'q' for key 'candidate.candidate_username_uindex'
	at com.mysql.cj.jdbc.exceptions.SQLError.createSQLException(SQLError.java:117)
	at com.mysql.cj.jdbc.exceptions.SQLError.createSQLException(SQLError.java:97)
	at com.mysql.cj.jdbc.exceptions.SQLExceptionsMapping.translateException(SQLExceptionsMapping.java:122)
	at com.mysql.cj.jdbc.ClientPreparedStatement.executeInternal(ClientPreparedStatement.java:953)
	at com.mysql.cj.jdbc.ClientPreparedStatement.executeUpdateInternal(ClientPreparedStatement.java:1092)
	at com.mysql.cj.jdbc.ClientPreparedStatement.executeUpdateInternal(ClientPreparedStatement.java:1040)
	at com.mysql.cj.jdbc.ClientPreparedStatement.executeLargeUpdate(ClientPreparedStatement.java:1347)
	at com.mysql.cj.jdbc.ClientPreparedStatement.executeUpdate(ClientPreparedStatement.java:1025)
	at org.apache.commons.dbcp.DelegatingPreparedStatement.executeUpdate(DelegatingPreparedStatement.java:105)
	at org.apache.commons.dbcp.DelegatingPreparedStatement.executeUpdate(DelegatingPreparedStatement.java:105)
	at model.DAO.mysql.MySqlCandidateDAO.getGeneratedKey(MySqlCandidateDAO.java:88)
	... 38 common frames omitted
2020-10-27 12:52:48,454 ERROR [http-nio-8080-exec-3] m.D.m.MySqlCandidateDAO [MySqlCandidateDAO.java:69] Can not make  transaction
java.sql.SQLException: Can not return generated keys!
	at model.DAO.mysql.MySqlCandidateDAO.getGeneratedKey(MySqlCandidateDAO.java:95)
	at model.DAO.mysql.MySqlCandidateDAO.insertCandidate(MySqlCandidateDAO.java:47)
	at Service.CandidateService.create(CandidateService.java:78)
	at controller.command.RegistrationCommand.execute(RegistrationCommand.java:76)
	at controller.ControllerServlet.process(ControllerServlet.java:38)
	at controller.ControllerServlet.doPost(ControllerServlet.java:31)
	at javax.servlet.http.HttpServlet.service(HttpServlet.java:652)
	at javax.servlet.http.HttpServlet.service(HttpServlet.java:733)
	at org.apache.catalina.core.ApplicationFilterChain.internalDoFilter(ApplicationFilterChain.java:231)
	at org.apache.catalina.core.ApplicationFilterChain.doFilter(ApplicationFilterChain.java:166)
	at filter.CommandAccessFilter.doFilter(CommandAccessFilter.java:29)
	at org.apache.catalina.core.ApplicationFilterChain.internalDoFilter(ApplicationFilterChain.java:193)
	at org.apache.catalina.core.ApplicationFilterChain.doFilter(ApplicationFilterChain.java:166)
	at org.apache.tomcat.websocket.server.WsFilter.doFilter(WsFilter.java:53)
	at org.apache.catalina.core.ApplicationFilterChain.internalDoFilter(ApplicationFilterChain.java:193)
	at org.apache.catalina.core.ApplicationFilterChain.doFilter(ApplicationFilterChain.java:166)
	at filter.SessionLocaleFilter.doFilter(SessionLocaleFilter.java:16)
	at org.apache.catalina.core.ApplicationFilterChain.internalDoFilter(ApplicationFilterChain.java:193)
	at org.apache.catalina.core.ApplicationFilterChain.doFilter(ApplicationFilterChain.java:166)
	at filter.EncodingFilter.doFilter(EncodingFilter.java:15)
	at org.apache.catalina.core.ApplicationFilterChain.internalDoFilter(ApplicationFilterChain.java:193)
	at org.apache.catalina.core.ApplicationFilterChain.doFilter(ApplicationFilterChain.java:166)
	at org.apache.catalina.core.StandardWrapperValve.invoke(StandardWrapperValve.java:202)
	at org.apache.catalina.core.StandardContextValve.invoke(StandardContextValve.java:97)
	at org.apache.catalina.authenticator.AuthenticatorBase.invoke(AuthenticatorBase.java:541)
	at org.apache.catalina.core.StandardHostValve.invoke(StandardHostValve.java:143)
	at org.apache.catalina.valves.ErrorReportValve.invoke(ErrorReportValve.java:92)
	at org.apache.catalina.valves.AbstractAccessLogValve.invoke(AbstractAccessLogValve.java:690)
	at org.apache.catalina.core.StandardEngineValve.invoke(StandardEngineValve.java:78)
	at org.apache.catalina.connector.CoyoteAdapter.service(CoyoteAdapter.java:343)
	at org.apache.coyote.http11.Http11Processor.service(Http11Processor.java:374)
	at org.apache.coyote.AbstractProcessorLight.process(AbstractProcessorLight.java:65)
	at org.apache.coyote.AbstractProtocol$ConnectionHandler.process(AbstractProtocol.java:868)
	at org.apache.tomcat.util.net.NioEndpoint$SocketProcessor.doRun(NioEndpoint.java:1590)
	at org.apache.tomcat.util.net.SocketProcessorBase.run(SocketProcessorBase.java:49)
	at java.util.concurrent.ThreadPoolExecutor.runWorker(ThreadPoolExecutor.java:1149)
	at java.util.concurrent.ThreadPoolExecutor$Worker.run(ThreadPoolExecutor.java:624)
	at org.apache.tomcat.util.threads.TaskThread$WrappingRunnable.run(TaskThread.java:61)
	at java.lang.Thread.run(Thread.java:748)
Caused by: java.sql.SQLIntegrityConstraintViolationException: Duplicate entry 'q' for key 'candidate.candidate_username_uindex'
	at com.mysql.cj.jdbc.exceptions.SQLError.createSQLException(SQLError.java:117)
	at com.mysql.cj.jdbc.exceptions.SQLError.createSQLException(SQLError.java:97)
	at com.mysql.cj.jdbc.exceptions.SQLExceptionsMapping.translateException(SQLExceptionsMapping.java:122)
	at com.mysql.cj.jdbc.ClientPreparedStatement.executeInternal(ClientPreparedStatement.java:953)
	at com.mysql.cj.jdbc.ClientPreparedStatement.executeUpdateInternal(ClientPreparedStatement.java:1092)
	at com.mysql.cj.jdbc.ClientPreparedStatement.executeUpdateInternal(ClientPreparedStatement.java:1040)
	at com.mysql.cj.jdbc.ClientPreparedStatement.executeLargeUpdate(ClientPreparedStatement.java:1347)
	at com.mysql.cj.jdbc.ClientPreparedStatement.executeUpdate(ClientPreparedStatement.java:1025)
	at org.apache.commons.dbcp.DelegatingPreparedStatement.executeUpdate(DelegatingPreparedStatement.java:105)
	at org.apache.commons.dbcp.DelegatingPreparedStatement.executeUpdate(DelegatingPreparedStatement.java:105)
	at model.DAO.mysql.MySqlCandidateDAO.getGeneratedKey(MySqlCandidateDAO.java:88)
	... 38 common frames omitted
2020-10-27 12:54:24,322 ERROR [http-nio-8080-exec-7] m.D.m.MySqlCandidateDAO [MySqlCandidateDAO.java:69] Can not make  transaction
java.sql.SQLException: Can not return generated keys!
	at model.DAO.mysql.MySqlCandidateDAO.getGeneratedKey(MySqlCandidateDAO.java:95)
	at model.DAO.mysql.MySqlCandidateDAO.insertCandidate(MySqlCandidateDAO.java:47)
	at Service.CandidateService.create(CandidateService.java:78)
	at controller.command.RegistrationCommand.execute(RegistrationCommand.java:76)
	at controller.ControllerServlet.process(ControllerServlet.java:38)
	at controller.ControllerServlet.doPost(ControllerServlet.java:31)
	at javax.servlet.http.HttpServlet.service(HttpServlet.java:652)
	at javax.servlet.http.HttpServlet.service(HttpServlet.java:733)
	at org.apache.catalina.core.ApplicationFilterChain.internalDoFilter(ApplicationFilterChain.java:231)
	at org.apache.catalina.core.ApplicationFilterChain.doFilter(ApplicationFilterChain.java:166)
	at filter.CommandAccessFilter.doFilter(CommandAccessFilter.java:29)
	at org.apache.catalina.core.ApplicationFilterChain.internalDoFilter(ApplicationFilterChain.java:193)
	at org.apache.catalina.core.ApplicationFilterChain.doFilter(ApplicationFilterChain.java:166)
	at org.apache.tomcat.websocket.server.WsFilter.doFilter(WsFilter.java:53)
	at org.apache.catalina.core.ApplicationFilterChain.internalDoFilter(ApplicationFilterChain.java:193)
	at org.apache.catalina.core.ApplicationFilterChain.doFilter(ApplicationFilterChain.java:166)
	at filter.SessionLocaleFilter.doFilter(SessionLocaleFilter.java:16)
	at org.apache.catalina.core.ApplicationFilterChain.internalDoFilter(ApplicationFilterChain.java:193)
	at org.apache.catalina.core.ApplicationFilterChain.doFilter(ApplicationFilterChain.java:166)
	at filter.EncodingFilter.doFilter(EncodingFilter.java:15)
	at org.apache.catalina.core.ApplicationFilterChain.internalDoFilter(ApplicationFilterChain.java:193)
	at org.apache.catalina.core.ApplicationFilterChain.doFilter(ApplicationFilterChain.java:166)
	at org.apache.catalina.core.StandardWrapperValve.invoke(StandardWrapperValve.java:202)
	at org.apache.catalina.core.StandardContextValve.invoke(StandardContextValve.java:97)
	at org.apache.catalina.authenticator.AuthenticatorBase.invoke(AuthenticatorBase.java:541)
	at org.apache.catalina.core.StandardHostValve.invoke(StandardHostValve.java:143)
	at org.apache.catalina.valves.ErrorReportValve.invoke(ErrorReportValve.java:92)
	at org.apache.catalina.valves.AbstractAccessLogValve.invoke(AbstractAccessLogValve.java:690)
	at org.apache.catalina.core.StandardEngineValve.invoke(StandardEngineValve.java:78)
	at org.apache.catalina.connector.CoyoteAdapter.service(CoyoteAdapter.java:343)
	at org.apache.coyote.http11.Http11Processor.service(Http11Processor.java:374)
	at org.apache.coyote.AbstractProcessorLight.process(AbstractProcessorLight.java:65)
	at org.apache.coyote.AbstractProtocol$ConnectionHandler.process(AbstractProtocol.java:868)
	at org.apache.tomcat.util.net.NioEndpoint$SocketProcessor.doRun(NioEndpoint.java:1590)
	at org.apache.tomcat.util.net.SocketProcessorBase.run(SocketProcessorBase.java:49)
	at java.util.concurrent.ThreadPoolExecutor.runWorker(ThreadPoolExecutor.java:1149)
	at java.util.concurrent.ThreadPoolExecutor$Worker.run(ThreadPoolExecutor.java:624)
	at org.apache.tomcat.util.threads.TaskThread$WrappingRunnable.run(TaskThread.java:61)
	at java.lang.Thread.run(Thread.java:748)
Caused by: java.sql.SQLIntegrityConstraintViolationException: Duplicate entry 'q' for key 'candidate.candidate_username_uindex'
	at com.mysql.cj.jdbc.exceptions.SQLError.createSQLException(SQLError.java:117)
	at com.mysql.cj.jdbc.exceptions.SQLError.createSQLException(SQLError.java:97)
	at com.mysql.cj.jdbc.exceptions.SQLExceptionsMapping.translateException(SQLExceptionsMapping.java:122)
	at com.mysql.cj.jdbc.ClientPreparedStatement.executeInternal(ClientPreparedStatement.java:953)
	at com.mysql.cj.jdbc.ClientPreparedStatement.executeUpdateInternal(ClientPreparedStatement.java:1092)
	at com.mysql.cj.jdbc.ClientPreparedStatement.executeUpdateInternal(ClientPreparedStatement.java:1040)
	at com.mysql.cj.jdbc.ClientPreparedStatement.executeLargeUpdate(ClientPreparedStatement.java:1347)
	at com.mysql.cj.jdbc.ClientPreparedStatement.executeUpdate(ClientPreparedStatement.java:1025)
	at org.apache.commons.dbcp.DelegatingPreparedStatement.executeUpdate(DelegatingPreparedStatement.java:105)
	at org.apache.commons.dbcp.DelegatingPreparedStatement.executeUpdate(DelegatingPreparedStatement.java:105)
	at model.DAO.mysql.MySqlCandidateDAO.getGeneratedKey(MySqlCandidateDAO.java:88)
	... 38 common frames omitted
